<?xml version="1.0" encoding="UTF-8"?>
<testng-results ignored="0" total="2" passed="2" failed="0" skipped="0">
  <reporter-output>
  </reporter-output>
  <suite started-at="2022-03-30T17:28:14 IST" name="Default suite" finished-at="2022-03-30T17:28:28 IST" duration-ms="14326">
    <groups>
    </groups>
    <test started-at="2022-03-30T17:28:14 IST" name="Default test" finished-at="2022-03-30T17:28:28 IST" duration-ms="14326">
      <class name="com.testngdemo.TestNG">
        <test-method is-config="true" signature="setUp()[pri:0, instance:com.testngdemo.TestNG@235ecd9f]" started-at="2022-03-30T17:28:14 IST" name="setUp" finished-at="2022-03-30T17:28:21 IST" duration-ms="7754" status="PASS">
          <reporter-output>
          </reporter-output>
        </test-method> <!-- setUp -->
        <test-method signature="verifyPageTitleTest()[pri:1, instance:com.testngdemo.TestNG@235ecd9f]" started-at="2022-03-30T17:28:21 IST" name="verifyPageTitleTest" finished-at="2022-03-30T17:28:21 IST" duration-ms="72" status="PASS">
          <reporter-output>
          </reporter-output>
        </test-method> <!-- verifyPageTitleTest -->
        <test-method is-config="true" signature="tearDown()[pri:0, instance:com.testngdemo.TestNG@235ecd9f]" started-at="2022-03-30T17:28:21 IST" name="tearDown" finished-at="2022-03-30T17:28:22 IST" duration-ms="304" status="PASS">
          <reporter-output>
          </reporter-output>
        </test-method> <!-- tearDown -->
        <test-method is-config="true" signature="setUp()[pri:0, instance:com.testngdemo.TestNG@235ecd9f]" started-at="2022-03-30T17:28:22 IST" name="setUp" finished-at="2022-03-30T17:28:27 IST" duration-ms="5305" status="PASS">
          <reporter-output>
          </reporter-output>
        </test-method> <!-- setUp -->
        <test-method signature="verifyFreeCRMLogoTest()[pri:2, instance:com.testngdemo.TestNG@235ecd9f]" started-at="2022-03-30T17:28:27 IST" name="verifyFreeCRMLogoTest" finished-at="2022-03-30T17:28:27 IST" duration-ms="469" status="PASS">
          <reporter-output>
          </reporter-output>
        </test-method> <!-- verifyFreeCRMLogoTest -->
        <test-method is-config="true" signature="tearDown()[pri:0, instance:com.testngdemo.TestNG@235ecd9f]" started-at="2022-03-30T17:28:27 IST" name="tearDown" finished-at="2022-03-30T17:28:28 IST" duration-ms="349" status="PASS">
          <reporter-output>
          </reporter-output>
        </test-method> <!-- tearDown -->
      </class> <!-- com.testngdemo.TestNG -->
    </test> <!-- Default test -->
  </suite> <!-- Default suite -->
</testng-results>
